\BOOKMARK [1][-]{section.1}{Introduction}{}% 1
\BOOKMARK [2][-]{subsection.1.1}{Project Background}{section.1}% 2
\BOOKMARK [2][-]{subsection.1.2}{Group Project Aim}{section.1}% 3
\BOOKMARK [2][-]{subsection.1.3}{Project Objectives}{section.1}% 4
\BOOKMARK [1][-]{section.2}{Literature Review}{}% 5
\BOOKMARK [2][-]{subsection.2.1}{Current State of the Industry}{section.2}% 6
\BOOKMARK [2][-]{subsection.2.2}{Methodology Scoping}{section.2}% 7
\BOOKMARK [2][-]{subsection.2.3}{Approach to Implementation}{section.2}% 8
\BOOKMARK [1][-]{section.3}{Research Methodology}{}% 9
\BOOKMARK [2][-]{subsection.3.1}{Methodology Overview}{section.3}% 10
\BOOKMARK [2][-]{subsection.3.2}{Selection of Modelling Tools}{section.3}% 11
\BOOKMARK [2][-]{subsection.3.3}{Data Generation}{section.3}% 12
\BOOKMARK [3][-]{subsubsection.3.3.1}{Rendering Environment}{subsection.3.3}% 13
\BOOKMARK [3][-]{subsubsection.3.3.2}{Simulation Environment}{subsection.3.3}% 14
\BOOKMARK [2][-]{subsection.3.4}{Detection}{section.3}% 15
\BOOKMARK [3][-]{subsubsection.3.4.1}{Colour \(HSV\) Detection}{subsection.3.4}% 16
\BOOKMARK [3][-]{subsubsection.3.4.2}{Hough Circle Detection}{subsection.3.4}% 17
\BOOKMARK [3][-]{subsubsection.3.4.3}{Template Matching}{subsection.3.4}% 18
\BOOKMARK [3][-]{subsubsection.3.4.4}{Scaled-YOLOv4}{subsection.3.4}% 19
\BOOKMARK [2][-]{subsection.3.5}{Tracking}{section.3}% 20
\BOOKMARK [2][-]{subsection.3.6}{Line Health Analysis}{section.3}% 21
\BOOKMARK [3][-]{subsubsection.3.6.1}{Damage Assessment Procedure}{subsection.3.6}% 22
\BOOKMARK [3][-]{subsubsection.3.6.2}{Toppling Risk Assessment Procedure}{subsection.3.6}% 23
\BOOKMARK [1][-]{section.4}{Results and Discussion}{}% 24
\BOOKMARK [2][-]{subsection.4.1}{Detector Performance}{section.4}% 25
\BOOKMARK [2][-]{subsection.4.2}{Tracker Performance}{section.4}% 26
\BOOKMARK [2][-]{subsection.4.3}{Evaluation of Health Assessment Procedures}{section.4}% 27
\BOOKMARK [3][-]{subsubsection.4.3.1}{Damage Assessment Procedure Evaluation}{subsection.4.3}% 28
\BOOKMARK [3][-]{subsubsection.4.3.2}{Toppling Risk Assessment Procedure Evaluation}{subsection.4.3}% 29
\BOOKMARK [2][-]{subsection.4.4}{Combined System Performance Evaluation}{section.4}% 30
\BOOKMARK [1][-]{section.5}{Conclusions}{}% 31
\BOOKMARK [1][-]{section.6}{Recommendations for Further Work}{}% 32
\BOOKMARK [1][-]{section*.40}{Bibliography}{}% 33
